android-twa/app/build/outputs/mapping/release/seeds.txt
com_shanmusic.com.WidgetBridgeActivity
com_shanmusic.com.Application
com_shanmusic.com.LauncherActivity
com_shanmusic.com.NowPlayingWidgetProvider
com_shanmusic.com.WidgetControlReceiver
com_shanmusic.com.DelegationService
com_shanmusic.com.DelegationService: DelegationService()
com_shanmusic.com.WidgetControlReceiver: WidgetControlReceiver()
com_shanmusic.com.NowPlayingWidgetProvider: NowPlayingWidgetProvider()
com_shanmusic.com.Application: Application()
com_shanmusic.com.WidgetBridgeActivity: WidgetBridgeActivity()
com_shanmusic.com.LauncherActivity: LauncherActivity()
...
androidx.core.view.WindowInsetsCompat$BuilderImpl20: void setStableInsets(androidx.core.graphics.Insets)
androidx.appcompat.widget.AppCompatTextViewAutoSizeHelper$Impl29: void computeAndSetTextDirection(android.text.StaticLayout$Builder,android.widget.TextView)
androidx.vectordrawable.graphics.drawable.VectorDrawableCompat$VGroup: float getScaleX()
androidx.core.view.ViewCompat$Api21Impl: androidx.core.view.WindowInsetsCompat getRootWindowInsets(android.view.View)
androidx.core.view.WindowInsetsCompat$Impl20: boolean equals(java.lang.Object)
androidx.appcompat.widget.AppCompatTextView: void setSupportCompoundDrawablesTintMode(android.graphics.PorterDuff$Mode)
androidx.core.view.accessibility.AccessibilityNodeInfoCompat$Api34Impl: void getBoundsInWindow(android.view.accessibility.AccessibilityNodeInfo,android.graphics.Rect)
androidx.core.view.WindowInsetsCompat$Impl: androidx.core.view.WindowInsetsCompat consumeSystemWindowInsets()
androidx.lifecycle.ProcessLifecycleOwner$attach$1$onActivityPreCreated$1: void onActivityPostResumed(android.app.Activity)
androidx.core.content.ContextCompat$Api23Impl: int getColor(android.content.Context,int)
androidx.core.widget.NestedScrollView: NestedScrollView(android.content.Context,android.util.AttributeSet)
androidx.appcompat.widget.Toolbar: void setNavigationOnClickListener(android.view.View$OnClickListener)
androidx.vectordrawable.graphics.drawable.VectorDrawableCompat$VFullPath: float getTrimPathEnd()
androidx.lifecycle.ReportFragment$LifecycleCallbacks: void onActivityPreStopped(android.app.Activity)
androidx.appcompat.widget.AppCompatImageView: void setBackgroundDrawable(android.graphics.drawable.Drawable)
androidx.core.view.WindowInsetsCompat$BuilderImpl30: WindowInsetsCompat$BuilderImpl30(androidx.core.view.WindowInsetsCompat)
androidx.appcompat.widget.LinearLayoutCompat: int getVirtualChildCount()
androidx.appcompat.widget.AppCompatImageButton: android.graphics.PorterDuff$Mode getSupportImageTintMode()
androidx.appcompat.widget.Toolbar: void setNavigationIcon(int)
androidx.appcompat.widget.Toolbar: int getCurrentContentInsetStart()
androidx.core.content.ContextCompat$Api21Impl: java.io.File getNoBackupFilesDir(android.content.Context)
androidx.appcompat.widget.LinearLayoutCompat: int getOrientation()
androidx.core.view.accessibility.AccessibilityNodeInfoCompat$Api34Impl: void setQueryFromAppProcessEnabled(android.view.accessibility.AccessibilityNodeInfo,android.view.View,boolean)
androidx.appcompat.widget.Toolbar: void setNavigationContentDescription(int)
androidx.core.view.WindowInsetsCompat$BuilderImpl: androidx.core.view.WindowInsetsCompat build()
androidx.appcompat.widget.ActionBarContextView: void setVisibility(int)
androidx.appcompat.widget.DropDownListView$Api33Impl: void setSelectedChildViewEnabled(android.widget.AbsListView,boolean)
androidx.appcompat.widget.ActionMenuView: void setOverflowReserved(boolean)
androidx.appcompat.widget.MenuPopupWindow$MenuDropDownListView: void setHoverListener(androidx.appcompat.widget.MenuItemHoverListener)
androidx.core.view.WindowInsetsCompat$Impl21: androidx.core.graphics.Insets getStableInsets()
androidx.core.view.WindowInsetsCompat$Impl: androidx.core.graphics.Insets getSystemWindowInsets()
androidx.core.view.accessibility.AccessibilityNodeInfoCompat$Api33Impl: androidx.core.view.accessibility.AccessibilityNodeInfoCompat getParent(android.view.accessibility.AccessibilityNodeInfo,int)
androidx.appcompat.widget.LinearLayoutCompat: void setDividerDrawable(android.graphics.drawable.Drawable)
androidx.core.widget.TextViewCompat$Api23Impl: android.graphics.PorterDuff$Mode getCompoundDrawableTintMode(android.widget.TextView)
androidx.appcompat.widget.ActionBarOverlayLayout: int getActionBarHideOffset()
androidx.appcompat.view.menu.ListMenuItemView: void setChecked(boolean)
androidx.appcompat.widget.AppCompatTextHelper$Api26Impl: boolean setFontVariationSettings(android.widget.TextView,java.lang.String)