android-twa/app/build/outputs/mapping/release/mapping.txt
# compiler: R8
# compiler_version: 8.9.32
# min_api: 21
# common_typos_disable
# {"id":"com.android.tools.r8.mapping","version":"2.2"}
# pg_map_id: fcec85e
# pg_map_hash: SHA-256 fcec85eeacb71eb48f067c2937c002acf85266d3409838d0aa0dc5581ff89db4
com_shanmusic.com.Application -> com_shanmusic.com.Application:
# {"id":"sourceFile","fileName":"Application.java"}
    1:4:void <init>():20:20 -> <init>
    1:4:void onCreate():26:26 -> onCreate
com_shanmusic.com.DelegationService -> com_shanmusic.com.DelegationService:
# {"id":"sourceFile","fileName":"DelegationService.java"}
    1:4:void <init>():5:5 -> <init>
    1:4:void onCreate():9:9 -> onCreate
com_shanmusic.com.LauncherActivity -> com_shanmusic.com.LauncherActivity:
# {"id":"sourceFile","fileName":"LauncherActivity.java"}
    1:4:void <init>():22:22 -> <init>
    1:5:android.net.Uri getLaunchingUrl():44:44 -> i
    1:3:void onCreate(android.os.Bundle):30:30 -> onCreate
    4:11:void onCreate(android.os.Bundle):35:35 -> onCreate
    12:16:void onCreate(android.os.Bundle):36:36 -> onCreate
    17:20:void onCreate(android.os.Bundle):38:38 -> onCreate
com_shanmusic.com.NowPlayingWidgetProvider -> com_shanmusic.com.NowPlayingWidgetProvider:
# {"id":"sourceFile","fileName":"NowPlayingWidgetProvider.java"}
    1:4:void <init>():7:7 -> <init>
    1:4:void onEnabled(android.content.Context):17:17 -> onEnabled
    1:6:void onUpdate(android.content.Context,android.appwidget.AppWidgetManager,int[]):10:10 -> onUpdate
    7:13:void onUpdate(android.content.Context,android.appwidget.AppWidgetManager,int[]):11:11 -> onUpdate
com_shanmusic.com.R$drawable -> N.a:
    int ic_widget_pause -> a
    int ic_widget_play -> b
com_shanmusic.com.R$id -> N.b:
    int widget_art -> a
    int widget_artist -> b
    int widget_play_pause -> c
    int widget_root -> d
    int widget_title -> e
com_shanmusic.com.R$layout -> N.c:
    int widget_now_playing -> a
com_shanmusic.com.R$mipmap -> N.d:
    int ic_launcher -> a
com_shanmusic.com.R$string -> N.e:
    int widget_empty_artist -> a
    int widget_empty_title -> b
com_shanmusic.com.WidgetBridgeActivity -> com_shanmusic.com.WidgetBridgeActivity:
# {"id":"sourceFile","fileName":"WidgetBridgeActivity.java"}
    1:4:void <init>():11:11 -> <init>
    4:10:void handleIntent(android.content.Intent):30:30 -> a
    11:20:void handleIntent(android.content.Intent):35:35 -> a
    21:30:void handleIntent(android.content.Intent):36:36 -> a
    31:40:void handleIntent(android.content.Intent):37:37 -> a
    41:50:void handleIntent(android.content.Intent):38:38 -> a
    51:70:void handleIntent(android.content.Intent):39:39 -> a
    71:83:void handleIntent(android.content.Intent):41:41 -> a
    84:86:void handleIntent(android.content.Intent):45:45 -> a
    87:90:void handleIntent(android.content.Intent):46:46 -> a
    3:10:java.lang.String safe(java.lang.String):50:50 -> b
    1:3:void onCreate(android.os.Bundle):14:14 -> onCreate
    4:10:void onCreate(android.os.Bundle):15:15 -> onCreate
    11:14:void onCreate(android.os.Bundle):16:16 -> onCreate
    1:3:void onNewIntent(android.content.Intent):21:21 -> onNewIntent
    4:6:void onNewIntent(android.content.Intent):22:22 -> onNewIntent
    7:10:void onNewIntent(android.content.Intent):23:23 -> onNewIntent
com_shanmusic.com.WidgetControlReceiver -> com_shanmusic.com.WidgetControlReceiver:
# {"id":"sourceFile","fileName":"WidgetControlReceiver.java"}
    1:4:void <init>():8:8 -> <init>
    3:9:void onReceive(android.content.Context,android.content.Intent):13:13 -> onReceive
    10:22:void onReceive(android.content.Context,android.content.Intent):17:17 -> onReceive
    23:29:void onReceive(android.content.Context,android.content.Intent):21:21 -> onReceive
    30:40:void onReceive(android.content.Context,android.content.Intent):22:22 -> onReceive
    41:43:void onReceive(android.content.Context,android.content.Intent):23:23 -> onReceive
    44:47:void onReceive(android.content.Context,android.content.Intent):24:24 -> onReceive
...
androidx.lifecycle.LifecycleRegistry$Companion -> androidx.lifecycle.l$a:
# {"id":"sourceFile","fileName":"LifecycleRegistry.kt"}
    1:1:void <init>(kotlin.jvm.internal.DefaultConstructorMarker):0:0 -> <init>
      # {"id":"com.android.tools.r8.residualsignature","signature":"(LT/b;)V"}
    2:2:void <init>():319:319 -> <init>
    8:15:androidx.lifecycle.Lifecycle$State min$lifecycle_runtime_release(androidx.lifecycle.Lifecycle$State,androidx.lifecycle.Lifecycle$State):336:336 -> a
      # {"id":"com.android.tools.r8.residualsignature","signature":"(Landroidx/lifecycle/f$b;Landroidx/lifecycle/f$b;)Landroidx/lifecycle/f$b;"}
androidx.lifecycle.LifecycleRegistry$ObserverWithState -> androidx.lifecycle.l$b:
# {"id":"sourceFile","fileName":"LifecycleRegistry.kt"}
    androidx.lifecycle.Lifecycle$State state -> a
      # {"id":"com.android.tools.r8.residualsignature","signature":"Landroidx/lifecycle/f$b;"}
    androidx.lifecycle.LifecycleEventObserver lifecycleObserver -> b
      # {"id":"com.android.tools.r8.residualsignature","signature":"Landroidx/lifecycle/i;"}
    6:8:void <init>(androidx.lifecycle.LifecycleObserver,androidx.lifecycle.Lifecycle$State):302:302 -> <init>
      # {"id":"com.android.tools.r8.residualsignature","signature":"(Landroidx/lifecycle/j;Landroidx/lifecycle/f$b;)V"}
    9:17:void <init>(androidx.lifecycle.LifecycleObserver,androidx.lifecycle.Lifecycle$State):307:307 -> <init>
    18:20:void <init>(androidx.lifecycle.LifecycleObserver,androidx.lifecycle.Lifecycle$State):308:308 -> <init>
    6:9:void dispatchEvent(androidx.lifecycle.LifecycleOwner,androidx.lifecycle.Lifecycle$Event):312:312 -> a
      # {"id":"com.android.tools.r8.residualsignature","signature":"(Landroidx/lifecycle/k;Landroidx/lifecycle/f$a;)V"}
    10:19:void dispatchEvent(androidx.lifecycle.LifecycleOwner,androidx.lifecycle.Lifecycle$Event):313:313 -> a
    20:27:void dispatchEvent(androidx.lifecycle.LifecycleOwner,androidx.lifecycle.Lifecycle$Event):314:314 -> a
    28:30:void dispatchEvent(androidx.lifecycle.LifecycleOwner,androidx.lifecycle.Lifecycle$Event):315:315 -> a
androidx.lifecycle.Lifecycling -> androidx.lifecycle.m:
# {"id":"sourceFile","fileName":"Lifecycling.kt"}
    androidx.lifecycle.Lifecycling INSTANCE -> a
      # {"id":"com.android.tools.r8.residualsignature","signature":"Landroidx/lifecycle/m;"}
    java.util.Map callbackCache -> b
    java.util.Map classToAdapters -> c
    8:14:void <clinit>():31:31 -> <clinit>
    15:22:void <clinit>():33:33 -> <clinit>
    1:4:void <init>():27:27 -> <init>
    2:10:androidx.lifecycle.GeneratedAdapter createGeneratedAdapter(java.lang.reflect.Constructor,java.lang.Object):75:75 -> a
      # {"id":"com.android.tools.r8.residualsignature","signature":"(Ljava/lang/reflect/Constructor;Ljava/lang/Object;)Landroidx/lifecycle/e;"}
    11:26:androidx.lifecycle.GeneratedAdapter createGeneratedAdapter(java.lang.reflect.Constructor,java.lang.Object):74:74 -> a
    27:32:androidx.lifecycle.GeneratedAdapter createGeneratedAdapter(java.lang.reflect.Constructor,java.lang.Object):81:81 -> a
    33:38:androidx.lifecycle.GeneratedAdapter createGeneratedAdapter(java.lang.reflect.Constructor,java.lang.Object):79:79 -> a
    39:44:androidx.lifecycle.GeneratedAdapter createGeneratedAdapter(java.lang.reflect.Constructor,java.lang.Object):77:77 -> a
    2:5:java.lang.reflect.Constructor generatedConstructor(java.lang.Class):88:88 -> b
    6:11:java.lang.reflect.Constructor generatedConstructor(java.lang.Class):89:89 -> b
    12:20:java.lang.reflect.Constructor generatedConstructor(java.lang.Class):90:90 -> b