android-twa/app/build/outputs/mapping/release/usage.txt
com_shanmusic.com.R$bool
com_shanmusic.com.R$color
com_shanmusic.com.R$drawable:
    public static int ic_notification_icon
    public static int shortcut_legacy_background
    public static int splash
    public static int widget_background
    public static int widget_play_button_bg
    private void <init>()
com_shanmusic.com.R$id:
    private void <init>()
com_shanmusic.com.R$integer
com_shanmusic.com.R$layout:
    private void <init>()
com_shanmusic.com.R$mipmap:
    public static int ic_maskable
    private void <init>()
com_shanmusic.com.R$raw
com_shanmusic.com.R$string:
    public static int appName
    public static int assetStatements
    public static int fallbackType
    public static int fullScopeUrl
    public static int generatorApp
    public static int hostName
    public static int launchUrl
    public static int launcherName
    public static int orientation
    public static int providerAuthority
    public static int webManifestUrl
    public static int widget_art_desc
    public static int widget_description
    public static int widget_name
    public static int widget_play_desc
    private void <init>()
com_shanmusic.com.R$xml
com_shanmusic.com.R
com_shanmusic.com.WidgetControlReceiver:
    public static final java.lang.String ACTION_TOGGLE
com_shanmusic.com.WidgetRenderer:
    private void <init>()
com_shanmusic.com.WidgetStateStore:
    private static final java.lang.String PREFS
    private void <init>()
...
kotlinx.coroutines.debug.internal.HashedWeakRef
kotlinx.coroutines.debug.internal.Marked
kotlinx.coroutines.debug.internal.StackTraceFrame
kotlinx.coroutines.flow.AbstractFlow$collect$1
kotlinx.coroutines.flow.AbstractFlow
kotlinx.coroutines.flow.CallbackFlowBuilder$collectTo$1
kotlinx.coroutines.flow.CallbackFlowBuilder
kotlinx.coroutines.flow.CancellableFlow
kotlinx.coroutines.flow.CancellableFlowImpl$collect$2$emit$1
kotlinx.coroutines.flow.CancellableFlowImpl$collect$2
kotlinx.coroutines.flow.CancellableFlowImpl
kotlinx.coroutines.flow.ChannelAsFlow
kotlinx.coroutines.flow.ChannelFlowBuilder
kotlinx.coroutines.flow.DistinctFlowImpl$collect$2$emit$1
kotlinx.coroutines.flow.DistinctFlowImpl$collect$2
kotlinx.coroutines.flow.DistinctFlowImpl
kotlinx.coroutines.flow.EmptyFlow
kotlinx.coroutines.flow.Flow
kotlinx.coroutines.flow.FlowCollector
kotlinx.coroutines.flow.FlowKt
kotlinx.coroutines.flow.FlowKt__BuildersKt$asFlow$$inlined$unsafeFlow$10$1
kotlinx.coroutines.flow.FlowKt__BuildersKt$asFlow$$inlined$unsafeFlow$10
kotlinx.coroutines.flow.FlowKt__BuildersKt$asFlow$$inlined$unsafeFlow$1
kotlinx.coroutines.flow.FlowKt__BuildersKt$asFlow$$inlined$unsafeFlow$2$1
kotlinx.coroutines.flow.FlowKt__BuildersKt$asFlow$$inlined$unsafeFlow$2
kotlinx.coroutines.flow.FlowKt__BuildersKt$asFlow$$inlined$unsafeFlow$3$1
kotlinx.coroutines.flow.FlowKt__BuildersKt$asFlow$$inlined$unsafeFlow$3
kotlinx.coroutines.flow.FlowKt__BuildersKt$asFlow$$inlined$unsafeFlow$4$1
kotlinx.coroutines.flow.FlowKt__BuildersKt$asFlow$$inlined$unsafeFlow$4
kotlinx.coroutines.flow.FlowKt__BuildersKt$asFlow$$inlined$unsafeFlow$5$1
kotlinx.coroutines.flow.FlowKt__BuildersKt$asFlow$$inlined$unsafeFlow$5
kotlinx.coroutines.flow.FlowKt__BuildersKt$asFlow$$inlined$unsafeFlow$6$1
kotlinx.coroutines.flow.FlowKt__BuildersKt$asFlow$$inlined$unsafeFlow$6
kotlinx.coroutines.flow.FlowKt__BuildersKt$asFlow$$inlined$unsafeFlow$7$1
kotlinx.coroutines.flow.FlowKt__BuildersKt$asFlow$$inlined$unsafeFlow$7
kotlinx.coroutines.flow.FlowKt__BuildersKt$asFlow$$inlined$unsafeFlow$8$1
kotlinx.coroutines.flow.FlowKt__BuildersKt$asFlow$$inlined$unsafeFlow$8
kotlinx.coroutines.flow.FlowKt__BuildersKt$asFlow$$inlined$unsafeFlow$9$1
kotlinx.coroutines.flow.FlowKt__BuildersKt$asFlow$$inlined$unsafeFlow$9
kotlinx.coroutines.flow.FlowKt__BuildersKt$flowOf$$inlined$unsafeFlow$1$1
kotlinx.coroutines.flow.FlowKt__BuildersKt$flowOf$$inlined$unsafeFlow$1
kotlinx.coroutines.flow.FlowKt__BuildersKt$flowOf$$inlined$unsafeFlow$2
kotlinx.coroutines.flow.FlowKt__BuildersKt
kotlinx.coroutines.flow.FlowKt__ChannelsKt$asFlow$$inlined$unsafeFlow$1
kotlinx.coroutines.flow.FlowKt__ChannelsKt$emitAllImpl$1
kotlinx.coroutines.flow.FlowKt__ChannelsKt
kotlinx.coroutines.flow.FlowKt__CollectKt$collect$3$emit$1
kotlinx.coroutines.flow.FlowKt__CollectKt$collect$3
kotlinx.coroutines.flow.FlowKt__CollectKt$collectIndexed$2$emit$1
kotlinx.coroutines.flow.FlowKt__CollectKt$collectIndexed$2
kotlinx.coroutines.flow.FlowKt__CollectKt$launchIn$1
kotlinx.coroutines.flow.FlowKt__CollectKt
kotlinx.coroutines.flow.FlowKt__CollectionKt$toCollection$1
kotlinx.coroutines.flow.FlowKt__CollectionKt$toCollection$2
kotlinx.coroutines.flow.FlowKt__CollectionKt
kotlinx.coroutines.flow.FlowKt__ContextKt
kotlinx.coroutines.flow.FlowKt__CountKt$count$1
kotlinx.coroutines.flow.FlowKt__CountKt$count$2
kotlinx.coroutines.flow.FlowKt__CountKt$count$3
kotlinx.coroutines.flow.FlowKt__CountKt$count$4$emit$1
kotlinx.coroutines.flow.FlowKt__CountKt$count$4
kotlinx.coroutines.flow.FlowKt__CountKt
kotlinx.coroutines.flow.FlowKt__DelayKt$debounce$2
kotlinx.coroutines.flow.FlowKt__DelayKt$debounce$3
kotlinx.coroutines.flow.FlowKt__DelayKt$debounceInternal$1$3$1
kotlinx.coroutines.flow.FlowKt__DelayKt$debounceInternal$1$3$2
kotlinx.coroutines.flow.FlowKt__DelayKt$debounceInternal$1$values$1$1$emit$1
kotlinx.coroutines.flow.FlowKt__DelayKt$debounceInternal$1$values$1$1
kotlinx.coroutines.flow.FlowKt__DelayKt$debounceInternal$1$values$1